#! /c/Source/iverilog-install/bin/vvp
:ivl_version "12.0 (devel)" "(s20150603-1539-g2693dd32b)";
:ivl_delay_selection "TYPICAL";
:vpi_time_precision + 0;
:vpi_module "E:\iverilog\lib\ivl\system.vpi";
:vpi_module "E:\iverilog\lib\ivl\vhdl_sys.vpi";
:vpi_module "E:\iverilog\lib\ivl\vhdl_textio.vpi";
:vpi_module "E:\iverilog\lib\ivl\v2005_math.vpi";
:vpi_module "E:\iverilog\lib\ivl\va_math.vpi";
S_000002437cb0b240 .scope module, "tb" "tb" 2 2;
 .timescale 0 0;
v000002437cb8bbb0_0 .var "clk", 0 0;
v000002437cb8c010_0 .var "end_node", 0 4;
v000002437cb8c8d0_0 .net "o", 0 99, v000002437cb8b7f0_0;  1 drivers
v000002437cb8cbf0_0 .var "st_node", 0 4;
S_000002437cb0b3d0 .scope module, "n" "pathDecode" 2 9, 3 2 0, S_000002437cb0b240;
 .timescale 0 0;
    .port_info 0 /INPUT 1 "clk";
    .port_info 1 /INPUT 5 "st_node";
    .port_info 2 /INPUT 5 "end_node";
    .port_info 3 /OUTPUT 100 "nodeList";
v000002437cb8c150_0 .net "clk", 0 0, v000002437cb8bbb0_0;  1 drivers
v000002437cb8bd90_0 .var "crnt", 0 4;
v000002437cb8cd30_0 .net "end_node", 0 4, v000002437cb8c010_0;  1 drivers
v000002437cb8b9d0_0 .net "f", 0 0, v000002437cb8b430_0;  1 drivers
v000002437cb8c290_0 .var "ff", 0 0;
v000002437cb8c3d0_0 .var/i "i", 31 0;
v000002437cb8b7f0_0 .var "nodeList", 0 99;
v000002437cb8b570_0 .net "o", 129 0, v000002437cb8c470_0;  1 drivers
v000002437cb8cdd0_0 .var "prev", 0 4;
v000002437cb8b4d0_0 .net "st_node", 0 4, v000002437cb8cbf0_0;  1 drivers
E_000002437cb24240 .event posedge, v000002437cb8b430_0;
E_000002437cb23780 .event negedge, v000002437cb8b430_0;
S_000002437cb04260 .scope module, "p" "path" 3 11, 4 2 0, S_000002437cb0b3d0;
 .timescale 0 0;
    .port_info 0 /INPUT 1 "clk";
    .port_info 1 /INPUT 5 "st_node";
    .port_info 2 /INPUT 5 "end_node";
    .port_info 3 /OUTPUT 130 "prevNode";
    .port_info 4 /OUTPUT 1 "f";
v000002437cb2a560_0 .net *"_ivl_0", 1 0, L_000002437cb8b610;  1 drivers
v000002437cb2a740_0 .net *"_ivl_14", 1 0, L_000002437cb8b890;  1 drivers
v000002437cb2a100_0 .net *"_ivl_16", 4 0, L_000002437cb8b930;  1 drivers
v000002437cb29f20_0 .net *"_ivl_2", 4 0, L_000002437cb8c650;  1 drivers
v000002437cb2a9c0_0 .net *"_ivl_21", 1 0, L_000002437cb8ba70;  1 drivers
v000002437cb2a240_0 .net *"_ivl_24", 4 0, L_000002437cb8b250;  1 drivers
v000002437cb29fc0_0 .net *"_ivl_7", 1 0, L_000002437cb8b6b0;  1 drivers
v000002437cb2a2e0_0 .net *"_ivl_9", 4 0, L_000002437cb8c830;  1 drivers
v000002437cb2a380_0 .net "addLength", 7 0, L_000002437cb8bcf0;  1 drivers
v000002437cb2a420_0 .net "clk", 0 0, v000002437cb8bbb0_0;  alias, 1 drivers
v000002437cb2a600_0 .var "currentNode", 0 4;
v000002437cb2a7e0_0 .net "end_node", 0 4, v000002437cb8c010_0;  alias, 1 drivers
v000002437cb2a880_0 .var "explored", 0 25;
v000002437cb2a920_0 .var "exploredLength", 129 0;
v000002437cb8b430_0 .var "f", 0 0;
v000002437cb8c5b0_0 .var "found", 0 0;
v000002437cb8b1b0_0 .var/i "i", 31 0;
v000002437cb8b750_0 .var/i "j", 31 0;
v000002437cb8c6f0_0 .var/i "k", 31 0;
v000002437cb8c1f0_0 .net "nextNode", 19 0, L_000002437cb8c970;  1 drivers
v000002437cb8c510_0 .var "nn", 0 4;
v000002437cb8c470_0 .var "prevNode", 129 0;
v000002437cb8c790_0 .var "que", 0 1023;
v000002437cb8c0b0_0 .net "st_node", 0 4, v000002437cb8cbf0_0;  alias, 1 drivers
v000002437cb8bc50_0 .var/i "x", 31 0;
v000002437cb8c330_0 .var/i "z", 31 0;
E_000002437cb24040 .event negedge, v000002437cb2a420_0;
E_000002437cb24380 .event posedge, v000002437cb2a420_0;
E_000002437cb23c80 .event anyedge, v000002437cb2a7e0_0, v000002437cb8c0b0_0;
L_000002437cb8b610 .part v000002437cb2aa60_0, 5, 2;
L_000002437cb8c650 .part v000002437cb2aa60_0, 0, 5;
L_000002437cb8b6b0 .part v000002437cb29ca0_0, 5, 2;
L_000002437cb8c830 .part v000002437cb29ca0_0, 0, 5;
L_000002437cb8b890 .part v000002437cb29d40_0, 5, 2;
L_000002437cb8b930 .part v000002437cb29d40_0, 0, 5;
L_000002437cb8bcf0 .concat8 [ 2 2 2 2], L_000002437cb8ba70, L_000002437cb8b890, L_000002437cb8b6b0, L_000002437cb8b610;
L_000002437cb8c970 .concat8 [ 5 5 5 5], L_000002437cb8b250, L_000002437cb8b930, L_000002437cb8c830, L_000002437cb8c650;
L_000002437cb8ba70 .part v000002437cb29c00_0, 5, 2;
L_000002437cb8b250 .part v000002437cb29c00_0, 0, 5;
S_000002437cb043f0 .scope module, "n" "node" 4 11, 5 1 0, S_000002437cb04260;
 .timescale 0 0;
    .port_info 0 /INPUT 5 "add";
    .port_info 1 /OUTPUT 7 "o0";
    .port_info 2 /OUTPUT 7 "o1";
    .port_info 3 /OUTPUT 7 "o2";
    .port_info 4 /OUTPUT 7 "o3";
v000002437cb2a4c0_0 .net "add", 4 0, v000002437cb2a600_0;  1 drivers
v000002437cb2a060 .array "m", 103 0, 0 6;
v000002437cb2aa60_0 .var "o0", 0 6;
v000002437cb29ca0_0 .var "o1", 0 6;
v000002437cb29d40_0 .var "o2", 0 6;
v000002437cb29c00_0 .var "o3", 0 6;
E_000002437cb24180 .event anyedge, v000002437cb2a4c0_0;
    .scope S_000002437cb043f0;
T_0 ;
    %pushi/vec4 97, 0, 7;
    %ix/load 4, 0, 0;
    %flag_set/imm 4, 0;
    %store/vec4a v000002437cb2a060, 4, 0;
    %pushi/vec4 126, 0, 7;
    %ix/load 4, 1, 0;
    %flag_set/imm 4, 0;
    %store/vec4a v000002437cb2a060, 4, 0;
    %pushi/vec4 126, 0, 7;
    %ix/load 4, 2, 0;
    %flag_set/imm 4, 0;
    %store/vec4a v000002437cb2a060, 4, 0;
    %pushi/vec4 126, 0, 7;
    %ix/load 4, 3, 0;
    %flag_set/imm 4, 0;
    %store/vec4a v000002437cb2a060, 4, 0;
    %pushi/vec4 96, 0, 7;
    %ix/load 4, 4, 0;
    %flag_set/imm 4, 0;
    %store/vec4a v000002437cb2a060, 4, 0;
    %pushi/vec4 98, 0, 7;
    %ix/load 4, 5, 0;
    %flag_set/imm 4, 0;
    %store/vec4a v000002437cb2a060, 4, 0;
    %pushi/vec4 109, 0, 7;
    %ix/load 4, 6, 0;
    %flag_set/imm 4, 0;
    %store/vec4a v000002437cb2a060, 4, 0;
    %pushi/vec4 126, 0, 7;
    %ix/load 4, 7, 0;
    %flag_set/imm 4, 0;
    %store/vec4a v000002437cb2a060, 4, 0;
    %pushi/vec4 97, 0, 7;
    %ix/load 4, 8, 0;
    %flag_set/imm 4, 0;
    %store/vec4a v000002437cb2a060, 4, 0;
    %pushi/vec4 35, 0, 7;
    %ix/load 4, 9, 0;
    %flag_set/imm 4, 0;
    %store/vec4a v000002437cb2a060, 4, 0;
    %pushi/vec4 101, 0, 7;
    %ix/load 4, 10, 0;
    %flag_set/imm 4, 0;
    %store/vec4a v000002437cb2a060, 4, 0;
    %pushi/vec4 126, 0, 7;
    %ix/load 4, 11, 0;
    %flag_set/imm 4, 0;
    %store/vec4a v000002437cb2a060, 4, 0;
    %pushi/vec4 34, 0, 7;
    %ix/load 4, 12, 0;
    %flag_set/imm 4, 0;
    %store/vec4a v000002437cb2a060, 4, 0;
    %pushi/vec4 126, 0, 7;
    %ix/load 4, 13, 0;
    %flag_set/imm 4, 0;
    %store/vec4a v000002437cb2a060, 4, 0;
    %pushi/vec4 126, 0, 7;
    %ix/load 4, 14, 0;
    %flag_set/imm 4, 0;
    %store/vec4a v000002437cb2a060, 4, 0;
    %pushi/vec4 126, 0, 7;
    %ix/load 4, 15, 0;
    %flag_set/imm 4, 0;
    %store/vec4a v000002437cb2a060, 4, 0;
    %pushi/vec4 102, 0, 7;
    %ix/load 4, 16, 0;
    %flag_set/imm 4, 0;
    %store/vec4a v000002437cb2a060, 4, 0;
    %pushi/vec4 126, 0, 7;
    %ix/load 4, 17, 0;
    %flag_set/imm 4, 0;
    %store/vec4a v000002437cb2a060, 4, 0;
    %pushi/vec4 126, 0, 7;
    %ix/load 4, 18, 0;
    %flag_set/imm 4, 0;
    %store/vec4a v000002437cb2a060, 4, 0;
    %pushi/vec4 126, 0, 7;
    %ix/load 4, 19, 0;
    %flag_set/imm 4, 0;
    %store/vec4a v000002437cb2a060, 4, 0;
    %pushi/vec4 98, 0, 7;
    %ix/load 4, 20, 0;
    %flag_set/imm 4, 0;
    %store/vec4a v000002437cb2a060, 4, 0;
    %pushi/vec4 73, 0, 7;
    %ix/load 4, 21, 0;
    %flag_set/imm 4, 0;
    %store/vec4a v000002437cb2a060, 4, 0;
    %pushi/vec4 38, 0, 7;
    %ix/load 4, 22, 0;
    %flag_set/imm 4, 0;
    %store/vec4a v000002437cb2a060, 4, 0;
    %pushi/vec4 126, 0, 7;
    %ix/load 4, 23, 0;
    %flag_set/imm 4, 0;
    %store/vec4a v000002437cb2a060, 4, 0;
    %pushi/vec4 100, 0, 7;
    %ix/load 4, 24, 0;
    %flag_set/imm 4, 0;
    %store/vec4a v000002437cb2a060, 4, 0;
    %pushi/vec4 112, 0, 7;
    %ix/load 4, 25, 0;
    %flag_set/imm 4, 0;
    %store/vec4a v000002437cb2a060, 4, 0;
    %pushi/vec4 37, 0, 7;
    %ix/load 4, 26, 0;
    %flag_set/imm 4, 0;
    %store/vec4a v000002437cb2a060, 4, 0;
    %pushi/vec4 126, 0, 7;
    %ix/load 4, 27, 0;
    %flag_set/imm 4, 0;
    %store/vec4a v000002437cb2a060, 4, 0;
    %pushi/vec4 76, 0, 7;
    %ix/load 4, 28, 0;
    %flag_set/imm 4, 0;
    %store/vec4a v000002437cb2a060, 4, 0;
    %pushi/vec4 126, 0, 7;
    %ix/load 4, 29, 0;
    %flag_set/imm 4, 0;
    %store/vec4a v000002437cb2a060, 4, 0;
    %pushi/vec4 126, 0, 7;
    %ix/load 4, 30, 0;
    %flag_set/imm 4, 0;
    %store/vec4a v000002437cb2a060, 4, 0;
    %pushi/vec4 126, 0, 7;
    %ix/load 4, 31, 0;
    %flag_set/imm 4, 0;
    %store/vec4a v000002437cb2a060, 4, 0;
    %pushi/vec4 41, 0, 7;
    %ix/load 4, 32, 0;
    %flag_set/imm 4, 0;
    %store/vec4a v000002437cb2a060, 4, 0;
    %pushi/vec4 126, 0, 7;
    %ix/load 4, 33, 0;
    %flag_set/imm 4, 0;
    %store/vec4a v000002437cb2a060, 4, 0;
    %pushi/vec4 126, 0, 7;
    %ix/load 4, 34, 0;
    %flag_set/imm 4, 0;
    %store/vec4a v000002437cb2a060, 4, 0;
    %pushi/vec4 126, 0, 7;
    %ix/load 4, 35, 0;
    %flag_set/imm 4, 0;
    %store/vec4a v000002437cb2a060, 4, 0;
    %pushi/vec4 40, 0, 7;
    %ix/load 4, 36, 0;
    %flag_set/imm 4, 0;
    %store/vec4a v000002437cb2a060, 4, 0;
    %pushi/vec4 47, 0, 7;
    %ix/load 4, 37, 0;
    %flag_set/imm 4, 0;
    %store/vec4a v000002437cb2a060, 4, 0;
    %pushi/vec4 69, 0, 7;
    %ix/load 4, 38, 0;
    %flag_set/imm 4, 0;
    %store/vec4a v000002437cb2a060, 4, 0;
    %pushi/vec4 126, 0, 7;
    %ix/load 4, 39, 0;
    %flag_set/imm 4, 0;
    %store/vec4a v000002437cb2a060, 4, 0;
    %pushi/vec4 80, 0, 7;
    %ix/load 4, 40, 0;
    %flag_set/imm 4, 0;
    %store/vec4a v000002437cb2a060, 4, 0;
    %pushi/vec4 126, 0, 7;
    %ix/load 4, 41, 0;
    %flag_set/imm 4, 0;
    %store/vec4a v000002437cb2a060, 4, 0;
    %pushi/vec4 126, 0, 7;
    %ix/load 4, 42, 0;
    %flag_set/imm 4, 0;
    %store/vec4a v000002437cb2a060, 4, 0;
    %pushi/vec4 126, 0, 7;
    %ix/load 4, 43, 0;
    %flag_set/imm 4, 0;
    %store/vec4a v000002437cb2a060, 4, 0;
    %pushi/vec4 108, 0, 7;
    %ix/load 4, 44, 0;
    %flag_set/imm 4, 0;
    %store/vec4a v000002437cb2a060, 4, 0;
    %pushi/vec4 126, 0, 7;
    %ix/load 4, 45, 0;
    %flag_set/imm 4, 0;
    %store/vec4a v000002437cb2a060, 4, 0;
    %pushi/vec4 126, 0, 7;
    %ix/load 4, 46, 0;
    %flag_set/imm 4, 0;
    %store/vec4a v000002437cb2a060, 4, 0;
    %pushi/vec4 126, 0, 7;
    %ix/load 4, 47, 0;
    %flag_set/imm 4, 0;
    %store/vec4a v000002437cb2a060, 4, 0;
    %pushi/vec4 107, 0, 7;
    %ix/load 4, 48, 0;
    %flag_set/imm 4, 0;
    %store/vec4a v000002437cb2a060, 4, 0;
    %pushi/vec4 71, 0, 7;
    %ix/load 4, 49, 0;
    %flag_set/imm 4, 0;
    %store/vec4a v000002437cb2a060, 4, 0;
    %pushi/vec4 45, 0, 7;
    %ix/load 4, 50, 0;
    %flag_set/imm 4, 0;
    %store/vec4a v000002437cb2a060, 4, 0;
    %pushi/vec4 113, 0, 7;
    %ix/load 4, 51, 0;
    %flag_set/imm 4, 0;
    %store/vec4a v000002437cb2a060, 4, 0;
    %pushi/vec4 44, 0, 7;
    %ix/load 4, 52, 0;
    %flag_set/imm 4, 0;
    %store/vec4a v000002437cb2a060, 4, 0;
    %pushi/vec4 82, 0, 7;
    %ix/load 4, 53, 0;
    %flag_set/imm 4, 0;
    %store/vec4a v000002437cb2a060, 4, 0;
    %pushi/vec4 97, 0, 7;
    %ix/load 4, 54, 0;
    %flag_set/imm 4, 0;
    %store/vec4a v000002437cb2a060, 4, 0;
    %pushi/vec4 126, 0, 7;
    %ix/load 4, 55, 0;
    %flag_set/imm 4, 0;
    %store/vec4a v000002437cb2a060, 4, 0;
    %pushi/vec4 47, 0, 7;
    %ix/load 4, 56, 0;
    %flag_set/imm 4, 0;
    %store/vec4a v000002437cb2a060, 4, 0;
    %pushi/vec4 126, 0, 7;
    %ix/load 4, 57, 0;
    %flag_set/imm 4, 0;
    %store/vec4a v000002437cb2a060, 4, 0;
    %pushi/vec4 126, 0, 7;
    %ix/load 4, 58, 0;
    %flag_set/imm 4, 0;
    %store/vec4a v000002437cb2a060, 4, 0;
    %pushi/vec4 126, 0, 7;
    %ix/load 4, 59, 0;
    %flag_set/imm 4, 0;
    %store/vec4a v000002437cb2a060, 4, 0;
    %pushi/vec4 46, 0, 7;
    %ix/load 4, 60, 0;
    %flag_set/imm 4, 0;
    %store/vec4a v000002437cb2a060, 4, 0;
    %pushi/vec4 41, 0, 7;
    %ix/load 4, 61, 0;
    %flag_set/imm 4, 0;
    %store/vec4a v000002437cb2a060, 4, 0;
    %pushi/vec4 54, 0, 7;
    %ix/load 4, 62, 0;
    %flag_set/imm 4, 0;
    %store/vec4a v000002437cb2a060, 4, 0;
    %pushi/vec4 126, 0, 7;
    %ix/load 4, 63, 0;
    %flag_set/imm 4, 0;
    %store/vec4a v000002437cb2a060, 4, 0;
    %pushi/vec4 74, 0, 7;
    %ix/load 4, 64, 0;
    %flag_set/imm 4, 0;
    %store/vec4a v000002437cb2a060, 4, 0;
    %pushi/vec4 87, 0, 7;
    %ix/load 4, 65, 0;
    %flag_set/imm 4, 0;
    %store/vec4a v000002437cb2a060, 4, 0;
    %pushi/vec4 102, 0, 7;
    %ix/load 4, 66, 0;
    %flag_set/imm 4, 0;
    %store/vec4a v000002437cb2a060, 4, 0;
    %pushi/vec4 126, 0, 7;
    %ix/load 4, 67, 0;
    %flag_set/imm 4, 0;
    %store/vec4a v000002437cb2a060, 4, 0;
    %pushi/vec4 108, 0, 7;
    %ix/load 4, 68, 0;
    %flag_set/imm 4, 0;
    %store/vec4a v000002437cb2a060, 4, 0;
    %pushi/vec4 126, 0, 7;
    %ix/load 4, 69, 0;
    %flag_set/imm 4, 0;
    %store/vec4a v000002437cb2a060, 4, 0;
    %pushi/vec4 126, 0, 7;
    %ix/load 4, 70, 0;
    %flag_set/imm 4, 0;
    %store/vec4a v000002437cb2a060, 4, 0;
    %pushi/vec4 126, 0, 7;
    %ix/load 4, 71, 0;
    %flag_set/imm 4, 0;
    %store/vec4a v000002437cb2a060, 4, 0;
    %pushi/vec4 51, 0, 7;
    %ix/load 4, 72, 0;
    %flag_set/imm 4, 0;
    %store/vec4a v000002437cb2a060, 4, 0;
    %pushi/vec4 52, 0, 7;
    %ix/load 4, 73, 0;
    %flag_set/imm 4, 0;
    %store/vec4a v000002437cb2a060, 4, 0;
    %pushi/vec4 77, 0, 7;
    %ix/load 4, 74, 0;
    %flag_set/imm 4, 0;
    %store/vec4a v000002437cb2a060, 4, 0;
    %pushi/vec4 126, 0, 7;
    %ix/load 4, 75, 0;
    %flag_set/imm 4, 0;
    %store/vec4a v000002437cb2a060, 4, 0;
    %pushi/vec4 50, 0, 7;
    %ix/load 4, 76, 0;
    %flag_set/imm 4, 0;
    %store/vec4a v000002437cb2a060, 4, 0;
    %pushi/vec4 126, 0, 7;
    %ix/load 4, 77, 0;
    %flag_set/imm 4, 0;
    %store/vec4a v000002437cb2a060, 4, 0;
    %pushi/vec4 126, 0, 7;
    %ix/load 4, 78, 0;
    %flag_set/imm 4, 0;
    %store/vec4a v000002437cb2a060, 4, 0;
    %pushi/vec4 126, 0, 7;
    %ix/load 4, 79, 0;
    %flag_set/imm 4, 0;
    %store/vec4a v000002437cb2a060, 4, 0;
    %pushi/vec4 50, 0, 7;
    %ix/load 4, 80, 0;
    %flag_set/imm 4, 0;
    %store/vec4a v000002437cb2a060, 4, 0;
    %pushi/vec4 53, 0, 7;
    %ix/load 4, 81, 0;
    %flag_set/imm 4, 0;
    %store/vec4a v000002437cb2a060, 4, 0;
    %pushi/vec4 86, 0, 7;
    %ix/load 4, 82, 0;
    %flag_set/imm 4, 0;
    %store/vec4a v000002437cb2a060, 4, 0;
    %pushi/vec4 126, 0, 7;
    %ix/load 4, 83, 0;
    %flag_set/imm 4, 0;
    %store/vec4a v000002437cb2a060, 4, 0;
    %pushi/vec4 52, 0, 7;
    %ix/load 4, 84, 0;
    %flag_set/imm 4, 0;
    %store/vec4a v000002437cb2a060, 4, 0;
    %pushi/vec4 126, 0, 7;
    %ix/load 4, 85, 0;
    %flag_set/imm 4, 0;
    %store/vec4a v000002437cb2a060, 4, 0;
    %pushi/vec4 126, 0, 7;
    %ix/load 4, 86, 0;
    %flag_set/imm 4, 0;
    %store/vec4a v000002437cb2a060, 4, 0;
    %pushi/vec4 126, 0, 7;
    %ix/load 4, 87, 0;
    %flag_set/imm 4, 0;
    %store/vec4a v000002437cb2a060, 4, 0;
    %pushi/vec4 55, 0, 7;
    %ix/load 4, 88, 0;
    %flag_set/imm 4, 0;
    %store/vec4a v000002437cb2a060, 4, 0;
    %pushi/vec4 47, 0, 7;
    %ix/load 4, 89, 0;
    %flag_set/imm 4, 0;
    %store/vec4a v000002437cb2a060, 4, 0;
    %pushi/vec4 84, 0, 7;
    %ix/load 4, 90, 0;
    %flag_set/imm 4, 0;
    %store/vec4a v000002437cb2a060, 4, 0;
    %pushi/vec4 121, 0, 7;
    %ix/load 4, 91, 0;
    %flag_set/imm 4, 0;
    %store/vec4a v000002437cb2a060, 4, 0;
    %pushi/vec4 54, 0, 7;
    %ix/load 4, 92, 0;
    %flag_set/imm 4, 0;
    %store/vec4a v000002437cb2a060, 4, 0;
    %pushi/vec4 88, 0, 7;
    %ix/load 4, 93, 0;
    %flag_set/imm 4, 0;
    %store/vec4a v000002437cb2a060, 4, 0;
    %pushi/vec4 80, 0, 7;
    %ix/load 4, 94, 0;
    %flag_set/imm 4, 0;
    %store/vec4a v000002437cb2a060, 4, 0;
    %pushi/vec4 126, 0, 7;
    %ix/load 4, 95, 0;
    %flag_set/imm 4, 0;
    %store/vec4a v000002437cb2a060, 4, 0;
    %pushi/vec4 87, 0, 7;
    %ix/load 4, 96, 0;
    %flag_set/imm 4, 0;
    %store/vec4a v000002437cb2a060, 4, 0;
    %pushi/vec4 126, 0, 7;
    %ix/load 4, 97, 0;
    %flag_set/imm 4, 0;
    %store/vec4a v000002437cb2a060, 4, 0;
    %pushi/vec4 126, 0, 7;
    %ix/load 4, 98, 0;
    %flag_set/imm 4, 0;
    %store/vec4a v000002437cb2a060, 4, 0;
    %pushi/vec4 126, 0, 7;
    %ix/load 4, 99, 0;
    %flag_set/imm 4, 0;
    %store/vec4a v000002437cb2a060, 4, 0;
    %pushi/vec4 118, 0, 7;
    %ix/load 4, 100, 0;
    %flag_set/imm 4, 0;
    %store/vec4a v000002437cb2a060, 4, 0;
    %pushi/vec4 126, 0, 7;
    %ix/load 4, 101, 0;
    %flag_set/imm 4, 0;
    %store/vec4a v000002437cb2a060, 4, 0;
    %pushi/vec4 126, 0, 7;
    %ix/load 4, 102, 0;
    %flag_set/imm 4, 0;
    %store/vec4a v000002437cb2a060, 4, 0;
    %pushi/vec4 126, 0, 7;
    %ix/load 4, 103, 0;
    %flag_set/imm 4, 0;
    %store/vec4a v000002437cb2a060, 4, 0;
    %end;
    .thread T_0;
    .scope S_000002437cb043f0;
T_1 ;
    %wait E_000002437cb24180;
    %load/vec4 v000002437cb2a4c0_0;
    %pad/u 9;
    %pad/u 11;
    %muli 4, 0, 11;
    %ix/vec4 4;
    %load/vec4a v000002437cb2a060, 4;
    %store/vec4 v000002437cb2aa60_0, 0, 7;
    %load/vec4 v000002437cb2a4c0_0;
    %pad/u 9;
    %pad/u 11;
    %muli 4, 0, 11;
    %pad/u 12;
    %pushi/vec4 1, 0, 2;
    %pad/s 12;
    %add;
    %ix/vec4 4;
    %load/vec4a v000002437cb2a060, 4;
    %store/vec4 v000002437cb29ca0_0, 0, 7;
    %load/vec4 v000002437cb2a4c0_0;
    %pad/u 9;
    %pad/u 11;
    %muli 4, 0, 11;
    %pad/u 12;
    %pushi/vec4 2, 0, 3;
    %pad/s 12;
    %add;
    %ix/vec4 4;
    %load/vec4a v000002437cb2a060, 4;
    %store/vec4 v000002437cb29d40_0, 0, 7;
    %load/vec4 v000002437cb2a4c0_0;
    %pad/u 9;
    %pad/u 11;
    %muli 4, 0, 11;
    %pad/u 12;
    %pushi/vec4 3, 0, 3;
    %pad/s 12;
    %add;
    %ix/vec4 4;
    %load/vec4a v000002437cb2a060, 4;
    %store/vec4 v000002437cb29c00_0, 0, 7;
    %jmp T_1;
    .thread T_1, $push;
    .scope S_000002437cb04260;
T_2 ;
    %pushi/vec4 0, 0, 1;
    %store/vec4 v000002437cb8c5b0_0, 0, 1;
    %pushi/vec4 0, 0, 32;
    %store/vec4 v000002437cb8b1b0_0, 0, 32;
    %pushi/vec4 0, 0, 32;
    %store/vec4 v000002437cb8bc50_0, 0, 32;
    %pushi/vec4 0, 0, 32;
    %store/vec4 v000002437cb8c330_0, 0, 32;
    %end;
    .thread T_2;
    .scope S_000002437cb04260;
T_3 ;
    %wait E_000002437cb23c80;
    %pushi/vec4 0, 0, 32;
    %store/vec4 v000002437cb8c330_0, 0, 32;
    %pushi/vec4 0, 0, 1;
    %store/vec4 v000002437cb8c5b0_0, 0, 1;
    %pushi/vec4 0, 0, 1;
    %store/vec4 v000002437cb8b430_0, 0, 1;
    %pushi/vec4 0, 0, 32;
    %store/vec4 v000002437cb8b1b0_0, 0, 32;
    %pushi/vec4 0, 0, 32;
    %store/vec4 v000002437cb8bc50_0, 0, 32;
    %jmp T_3;
    .thread T_3, $push;
    .scope S_000002437cb04260;
T_4 ;
    %wait E_000002437cb24380;
    %load/vec4 v000002437cb8c5b0_0;
    %pad/u 32;
    %cmpi/e 0, 0, 32;
    %jmp/0xz  T_4.0, 4;
    %pushi/vec4 0, 0, 1;
    %store/vec4 v000002437cb8b430_0, 0, 1;
    %load/vec4 v000002437cb2a600_0;
    %pad/u 32;
    %cmpi/u 26, 0, 32;
    %jmp/0xz  T_4.2, 5;
    %load/vec4 v000002437cb2a880_0;
    %pushi/vec4 25, 0, 7;
    %load/vec4 v000002437cb2a600_0;
    %pad/u 7;
    %sub;
    %part/s 1;
    %pad/u 32;
    %cmpi/e 0, 0, 32;
    %jmp/0xz  T_4.4, 4;
    %pushi/vec4 0, 0, 32;
    %store/vec4 v000002437cb8b750_0, 0, 32;
T_4.6 ;
    %load/vec4 v000002437cb8b750_0;
    %cmpi/s 4, 0, 32;
    %jmp/0xz T_4.7, 5;
    %pushi/vec4 0, 0, 32;
    %store/vec4 v000002437cb8c6f0_0, 0, 32;
T_4.8 ;
    %load/vec4 v000002437cb8c6f0_0;
    %cmpi/s 5, 0, 32;
    %jmp/0xz T_4.9, 5;
    %load/vec4 v000002437cb8c1f0_0;
    %pushi/vec4 15, 0, 36;
    %load/vec4 v000002437cb8b750_0;
    %pad/s 35;
    %muli 5, 0, 35;
    %pad/s 36;
    %sub;
    %part/s 5;
    %store/vec4 v000002437cb8c510_0, 0, 5;
    %load/vec4 v000002437cb8c510_0;
    %pushi/vec4 4, 0, 34;
    %load/vec4 v000002437cb8c6f0_0;
    %pad/s 34;
    %sub;
    %part/s 1;
    %pushi/vec4 1023, 0, 34;
    %load/vec4 v000002437cb8bc50_0;
    %muli 20, 0, 32;
    %load/vec4 v000002437cb8b750_0;
    %muli 5, 0, 32;
    %add;
    %load/vec4 v000002437cb8c6f0_0;
    %add;
    %pad/s 34;
    %sub;
    %ix/vec4/s 4;
    %store/vec4 v000002437cb8c790_0, 4, 1;
    %load/vec4 v000002437cb8c6f0_0;
    %addi 1, 0, 32;
    %store/vec4 v000002437cb8c6f0_0, 0, 32;
    %jmp T_4.8;
T_4.9 ;
    %load/vec4 v000002437cb8b750_0;
    %addi 1, 0, 32;
    %store/vec4 v000002437cb8b750_0, 0, 32;
    %jmp T_4.6;
T_4.7 ;
    %load/vec4 v000002437cb8bc50_0;
    %addi 1, 0, 32;
    %store/vec4 v000002437cb8bc50_0, 0, 32;
    %pushi/vec4 1, 0, 1;
    %pushi/vec4 25, 0, 7;
    %load/vec4 v000002437cb2a600_0;
    %pad/u 7;
    %sub;
    %ix/vec4/s 4;
    %store/vec4 v000002437cb2a880_0, 4, 1;
    %pushi/vec4 0, 0, 32;
    %store/vec4 v000002437cb8b750_0, 0, 32;
T_4.10 ;
    %load/vec4 v000002437cb8b750_0;
    %cmpi/s 4, 0, 32;
    %jmp/0xz T_4.11, 5;
    %load/vec4 v000002437cb8c1f0_0;
    %pushi/vec4 15, 0, 36;
    %load/vec4 v000002437cb8b750_0;
    %pad/s 35;
    %muli 5, 0, 35;
    %pad/s 36;
    %sub;
    %part/s 5;
    %store/vec4 v000002437cb8c510_0, 0, 5;
    %load/vec4 v000002437cb8c510_0;
    %pad/u 32;
    %cmpi/u 26, 0, 32;
    %jmp/0xz  T_4.12, 5;
    %load/vec4 v000002437cb2a920_0;
    %pushi/vec4 125, 0, 9;
    %load/vec4 v000002437cb2a600_0;
    %pad/u 8;
    %muli 5, 0, 8;
    %pad/u 9;
    %sub;
    %part/u 5;
    %load/vec4 v000002437cb2a380_0;
    %pushi/vec4 6, 0, 34;
    %load/vec4 v000002437cb8b750_0;
    %pad/s 33;
    %muli 2, 0, 33;
    %pad/s 34;
    %sub;
    %part/s 2;
    %pad/u 5;
    %add;
    %load/vec4 v000002437cb2a920_0;
    %pushi/vec4 125, 0, 9;
    %load/vec4 v000002437cb8c510_0;
    %pad/u 8;
    %muli 5, 0, 8;
    %pad/u 9;
    %sub;
    %part/u 5;
    %cmp/u;
    %jmp/0xz  T_4.14, 5;
    %load/vec4 v000002437cb2a920_0;
    %pushi/vec4 125, 0, 9;
    %load/vec4 v000002437cb2a600_0;
    %pad/u 8;
    %muli 5, 0, 8;
    %pad/u 9;
    %sub;
    %part/u 5;
    %load/vec4 v000002437cb2a380_0;
    %pushi/vec4 6, 0, 34;
    %load/vec4 v000002437cb8b750_0;
    %pad/s 33;
    %muli 2, 0, 33;
    %pad/s 34;
    %sub;
    %part/s 2;
    %pad/u 5;
    %add;
    %pushi/vec4 125, 0, 9;
    %load/vec4 v000002437cb8c510_0;
    %pad/u 8;
    %muli 5, 0, 8;
    %pad/u 9;
    %sub;
    %ix/vec4 4;
    %store/vec4 v000002437cb2a920_0, 4, 5;
    %load/vec4 v000002437cb2a600_0;
    %pushi/vec4 125, 0, 9;
    %load/vec4 v000002437cb8c510_0;
    %pad/u 8;
    %muli 5, 0, 8;
    %pad/u 9;
    %sub;
    %ix/vec4 4;
    %store/vec4 v000002437cb8c470_0, 4, 5;
    %load/vec4 v000002437cb8c510_0;
    %load/vec4 v000002437cb2a7e0_0;
    %cmp/e;
    %jmp/0xz  T_4.16, 4;
    %pushi/vec4 1, 0, 1;
    %store/vec4 v000002437cb8c5b0_0, 0, 1;
T_4.16 ;
T_4.14 ;
T_4.12 ;
    %load/vec4 v000002437cb8b750_0;
    %addi 1, 0, 32;
    %store/vec4 v000002437cb8b750_0, 0, 32;
    %jmp T_4.10;
T_4.11 ;
T_4.4 ;
T_4.2 ;
    %load/vec4 v000002437cb8b1b0_0;
    %addi 1, 0, 32;
    %store/vec4 v000002437cb8b1b0_0, 0, 32;
    %jmp T_4.1;
T_4.0 ;
    %pushi/vec4 1, 0, 1;
    %store/vec4 v000002437cb8b430_0, 0, 1;
T_4.1 ;
    %jmp T_4;
    .thread T_4;
    .scope S_000002437cb04260;
T_5 ;
    %wait E_000002437cb24040;
    %pushi/vec4 0, 0, 32;
    %store/vec4 v000002437cb8b750_0, 0, 32;
T_5.0 ;
    %load/vec4 v000002437cb8b750_0;
    %cmpi/s 5, 0, 32;
    %jmp/0xz T_5.1, 5;
    %load/vec4 v000002437cb8c790_0;
    %pushi/vec4 1023, 0, 34;
    %load/vec4 v000002437cb8b1b0_0;
    %subi 1, 0, 32;
    %muli 5, 0, 32;
    %load/vec4 v000002437cb8b750_0;
    %add;
    %pad/s 34;
    %sub;
    %part/s 1;
    %pushi/vec4 4, 0, 34;
    %load/vec4 v000002437cb8b750_0;
    %pad/s 34;
    %sub;
    %ix/vec4/s 4;
    %store/vec4 v000002437cb2a600_0, 4, 1;
    %load/vec4 v000002437cb8b750_0;
    %addi 1, 0, 32;
    %store/vec4 v000002437cb8b750_0, 0, 32;
    %jmp T_5.0;
T_5.1 ;
    %load/vec4 v000002437cb8c330_0;
    %cmpi/e 0, 0, 32;
    %jmp/0xz  T_5.2, 4;
    %pushi/vec4 0, 0, 32;
    %store/vec4 v000002437cb8b750_0, 0, 32;
T_5.4 ;
    %load/vec4 v000002437cb8b750_0;
    %cmpi/s 26, 0, 32;
    %jmp/0xz T_5.5, 5;
    %pushi/vec4 0, 0, 1;
    %pushi/vec4 25, 0, 34;
    %load/vec4 v000002437cb8b750_0;
    %pad/s 34;
    %sub;
    %ix/vec4/s 4;
    %store/vec4 v000002437cb2a880_0, 4, 1;
    %pushi/vec4 31, 0, 5;
    %pushi/vec4 125, 0, 36;
    %load/vec4 v000002437cb8b750_0;
    %pad/s 35;
    %muli 5, 0, 35;
    %pad/s 36;
    %sub;
    %ix/vec4/s 4;
    %store/vec4 v000002437cb2a920_0, 4, 5;
    %load/vec4 v000002437cb8b750_0;
    %addi 1, 0, 32;
    %store/vec4 v000002437cb8b750_0, 0, 32;
    %jmp T_5.4;
T_5.5 ;
    %load/vec4 v000002437cb8c0b0_0;
    %store/vec4 v000002437cb2a600_0, 0, 5;
    %pushi/vec4 0, 0, 5;
    %pushi/vec4 125, 0, 9;
    %load/vec4 v000002437cb8c0b0_0;
    %pad/u 8;
    %muli 5, 0, 8;
    %pad/u 9;
    %sub;
    %ix/vec4 4;
    %store/vec4 v000002437cb2a920_0, 4, 5;
    %pushi/vec4 1, 0, 32;
    %store/vec4 v000002437cb8c330_0, 0, 32;
T_5.2 ;
    %jmp T_5;
    .thread T_5;
    .scope S_000002437cb0b3d0;
T_6 ;
    %pushi/vec4 0, 0, 1;
    %store/vec4 v000002437cb8c290_0, 0, 1;
    %pushi/vec4 1, 0, 32;
    %store/vec4 v000002437cb8c3d0_0, 0, 32;
    %end;
    .thread T_6;
    .scope S_000002437cb0b3d0;
T_7 ;
    %wait E_000002437cb23780;
    %pushi/vec4 0, 0, 1;
    %store/vec4 v000002437cb8c290_0, 0, 1;
    %jmp T_7;
    .thread T_7;
    .scope S_000002437cb0b3d0;
T_8 ;
    %wait E_000002437cb24240;
    %load/vec4 v000002437cb8cd30_0;
    %store/vec4 v000002437cb8bd90_0, 0, 5;
    %load/vec4 v000002437cb8cd30_0;
    %store/vec4 v000002437cb8cdd0_0, 0, 5;
    %load/vec4 v000002437cb8b7f0_0;
    %load/vec4 v000002437cb8cd30_0;
    %concat/vec4; draw_concat_vec4
    %pad/u 100;
    %store/vec4 v000002437cb8b7f0_0, 0, 100;
    %jmp T_8;
    .thread T_8;
    .scope S_000002437cb0b3d0;
T_9 ;
    %wait E_000002437cb24380;
    %load/vec4 v000002437cb8c290_0;
    %pad/u 32;
    %cmpi/e 0, 0, 32;
    %jmp/0xz  T_9.0, 4;
    %load/vec4 v000002437cb8b9d0_0;
    %pad/u 32;
    %cmpi/e 1, 0, 32;
    %jmp/0xz  T_9.2, 4;
    %load/vec4 v000002437cb8b570_0;
    %pushi/vec4 125, 0, 9;
    %load/vec4 v000002437cb8bd90_0;
    %pad/u 8;
    %muli 5, 0, 8;
    %pad/u 9;
    %sub;
    %part/u 5;
    %store/vec4 v000002437cb8cdd0_0, 0, 5;
    %load/vec4 v000002437cb8b7f0_0;
    %load/vec4 v000002437cb8cdd0_0;
    %concat/vec4; draw_concat_vec4
    %pad/u 100;
    %store/vec4 v000002437cb8b7f0_0, 0, 100;
    %load/vec4 v000002437cb8cdd0_0;
    %load/vec4 v000002437cb8b4d0_0;
    %cmp/e;
    %jmp/0xz  T_9.4, 4;
    %pushi/vec4 1, 0, 1;
    %store/vec4 v000002437cb8c290_0, 0, 1;
T_9.4 ;
    %jmp T_9.3;
T_9.2 ;
    %load/vec4 v000002437cb8cd30_0;
    %store/vec4 v000002437cb8bd90_0, 0, 5;
    %load/vec4 v000002437cb8cd30_0;
    %store/vec4 v000002437cb8cdd0_0, 0, 5;
    %pushi/vec4 0, 0, 32;
    %store/vec4 v000002437cb8c3d0_0, 0, 32;
T_9.3 ;
T_9.0 ;
    %jmp T_9;
    .thread T_9;
    .scope S_000002437cb0b3d0;
T_10 ;
    %wait E_000002437cb24040;
    %load/vec4 v000002437cb8c290_0;
    %pad/u 32;
    %cmpi/e 0, 0, 32;
    %jmp/0xz  T_10.0, 4;
    %load/vec4 v000002437cb8b9d0_0;
    %pad/u 32;
    %cmpi/e 1, 0, 32;
    %jmp/0xz  T_10.2, 4;
    %load/vec4 v000002437cb8cdd0_0;
    %store/vec4 v000002437cb8bd90_0, 0, 5;
    %jmp T_10.3;
T_10.2 ;
    %load/vec4 v000002437cb8cd30_0;
    %store/vec4 v000002437cb8cdd0_0, 0, 5;
T_10.3 ;
T_10.0 ;
    %jmp T_10;
    .thread T_10;
    .scope S_000002437cb0b240;
T_11 ;
    %pushi/vec4 0, 0, 1;
    %store/vec4 v000002437cb8bbb0_0, 0, 1;
    %pushi/vec4 0, 0, 5;
    %store/vec4 v000002437cb8cbf0_0, 0, 5;
    %pushi/vec4 25, 0, 5;
    %store/vec4 v000002437cb8c010_0, 0, 5;
    %end;
    .thread T_11;
    .scope S_000002437cb0b240;
T_12 ;
    %delay 2, 0;
    %load/vec4 v000002437cb8bbb0_0;
    %inv;
    %store/vec4 v000002437cb8bbb0_0, 0, 1;
    %jmp T_12;
    .thread T_12;
    .scope S_000002437cb0b240;
T_13 ;
    %vpi_call 2 13 "$dumpfile", "tb.vcd" {0 0 0};
    %vpi_call 2 14 "$dumpvars", 32'sb00000000000000000000000000000000, S_000002437cb0b240 {0 0 0};
    %vpi_call 2 15 "$monitor", "%t : %d_%d_%d_%d_%d_%d_%d_%d_%d_%d_%d_%d_%d_%d_%d_%d_%d_%d_%d_%d", $time, &PV<v000002437cb8c8d0_0, 0, 5>, &PV<v000002437cb8c8d0_0, 5, 5>, &PV<v000002437cb8c8d0_0, 10, 5>, &PV<v000002437cb8c8d0_0, 15, 5>, &PV<v000002437cb8c8d0_0, 20, 5>, &PV<v000002437cb8c8d0_0, 25, 5>, &PV<v000002437cb8c8d0_0, 30, 5>, &PV<v000002437cb8c8d0_0, 35, 5>, &PV<v000002437cb8c8d0_0, 40, 5>, &PV<v000002437cb8c8d0_0, 45, 5>, &PV<v000002437cb8c8d0_0, 50, 5>, &PV<v000002437cb8c8d0_0, 55, 5>, &PV<v000002437cb8c8d0_0, 60, 5>, &PV<v000002437cb8c8d0_0, 65, 5>, &PV<v000002437cb8c8d0_0, 70, 5>, &PV<v000002437cb8c8d0_0, 75, 5>, &PV<v000002437cb8c8d0_0, 80, 5>, &PV<v000002437cb8c8d0_0, 85, 5>, &PV<v000002437cb8c8d0_0, 90, 5>, &PV<v000002437cb8c8d0_0, 95, 5> {0 0 0};
    %delay 500, 0;
    %delay 500, 0;
    %vpi_call 2 20 "$finish" {0 0 0};
    %end;
    .thread T_13;
# The file index is used to find the file name in the following table.
:file_names 6;
    "N/A";
    "<interactive>";
    "tb.v";
    "./nodeList.v";
    "./path.v";
    "./node.v";
